<?xml version="1.0" encoding="UTF-8"?>
<!-- Generated by org.testng.reporters.JUnitXMLReporter -->
<testsuite hostname="Vivek" ignored="0" name="Test" tests="4" failures="1" timestamp="07 Sep 2019 18:21:49 GMT" time="0.261" errors="0">
  <testcase name="a" time="0.039" classname="com.FreeCRMTEST.CompanyName.ProjectName.testscript.A">
    <skipped/>
  </testcase> <!-- a -->
  <testcase name="a" time="0.007" classname="com.FreeCRMTEST.CompanyName.ProjectName.testscript.A">
    <skipped/>
  </testcase> <!-- a -->
  <testcase name="a" time="0.005" classname="com.FreeCRMTEST.CompanyName.ProjectName.testscript.A">
    <skipped/>
  </testcase> <!-- a -->
  <testcase name="a" time="0.012" classname="com.FreeCRMTEST.CompanyName.ProjectName.testscript.A">
    <failure type="java.lang.AssertionError" message="expected [true] but found [false]">
      <![CDATA[java.lang.AssertionError: expected [true] but found [false]
	at com.FreeCRMTEST.CompanyName.ProjectName.testscript.A.a(A.java:12)
... Removed 29 stack frames]]>
    </failure>
  </testcase> <!-- a -->
</testsuite> <!-- Test -->
